2025/01/10 15:41:35 2025-01-10T15:41:35+01:00 - GET / [::1]:64270
2025/01/10 15:41:35 2025-01-10T15:41:35+01:00 - GET /favicon.ico [::1]:64270
2025/01/10 15:41:37 2025-01-10T15:41:37+01:00 - GET / [::1]:64270
2025/01/10 15:41:37 2025-01-10T15:41:37+01:00 - GET /favicon.ico [::1]:64270
2025/01/10 15:50:28 2025-01-10T15:50:28+01:00 - GET / OK
2025/01/10 15:50:28 2025-01-10T15:50:28+01:00 - GET /favicon.ico OK
2025/01/10 15:52:52 2025-01-10T15:52:52+01:00 - GET / OK
2025/01/10 15:52:52 2025-01-10T15:52:52+01:00 - GET /favicon.ico OK
2025/01/10 15:53:05 2025-01-10T15:53:05+01:00 - GET /Qfdzqf OK
2025/01/10 15:53:05 2025-01-10T15:53:05+01:00 - GET /favicon.ico OK
2025/01/10 16:21:48 2025-01-10T16:21:48+01:00 - GET /books OK
2025/01/10 16:21:51 2025-01-10T16:21:51+01:00 - GET /authors OK
2025/01/10 16:23:08 2025-01-10T16:23:08+01:00 - GET /books OK
2025/01/10 16:23:25 2025-01-10T16:23:25+01:00 - POST /books Created
2025/01/10 16:23:36 2025-01-10T16:23:36+01:00 - POST /books Created
2025/01/10 16:23:38 2025-01-10T16:23:38+01:00 - GET /books OK
2025/01/10 16:23:47 2025-01-10T16:23:47+01:00 - DELETE /books/3 No Content
2025/01/10 16:23:52 2025-01-10T16:23:52+01:00 - GET /books OK
2025/01/10 16:24:10 2025-01-10T16:24:10+01:00 - PUT /books/1 OK
2025/01/10 16:24:14 2025-01-10T16:24:14+01:00 - GET /books/1 OK
2025/01/10 16:24:22 2025-01-10T16:24:22+01:00 - GET /authors OK
2025/01/10 16:44:20 2025-01-10T16:44:19+01:00 - GET /authors OK
2025/01/10 16:47:54 2025-01-10T16:47:54+01:00 - GET /authors OK
2025/01/10 16:48:06 2025-01-10T16:48:06+01:00 - GET /authors/7 Not Found
